[debug] [2025-07-14T23:19:11.466Z] ----------------------------------------------------------------------
[debug] [2025-07-14T23:19:11.468Z] Command:       C:\Program Files\nodejs\node.exe C:\Users\joaqu\AppData\Roaming\npm\node_modules\firebase-tools\lib\bin\firebase.js deploy --only functions:sendLeadToOfficer
[debug] [2025-07-14T23:19:11.469Z] CLI Version:   14.9.0
[debug] [2025-07-14T23:19:11.469Z] Platform:      win32
[debug] [2025-07-14T23:19:11.469Z] Node Version:  v20.17.0
[debug] [2025-07-14T23:19:11.469Z] Time:          Mon Jul 14 2025 18:19:11 GMT-0500 (Central Daylight Time)
[debug] [2025-07-14T23:19:11.469Z] ----------------------------------------------------------------------
[debug] 
[debug] [2025-07-14T23:19:11.673Z] > command requires scopes: ["email","openid","https://www.googleapis.com/auth/cloudplatformprojects.readonly","https://www.googleapis.com/auth/firebase","https://www.googleapis.com/auth/cloud-platform"]
[debug] [2025-07-14T23:19:11.674Z] > authorizing via signed-in user (mintinvestments95@gmail.com)
[debug] [2025-07-14T23:19:11.674Z] [iam] checking project mortgage-leads-abc41 for permissions ["cloudfunctions.functions.create","cloudfunctions.functions.delete","cloudfunctions.functions.get","cloudfunctions.functions.list","cloudfunctions.functions.update","cloudfunctions.operations.get","firebase.projects.get"]
[debug] [2025-07-14T23:19:11.675Z] Checked if tokens are valid: true, expires at: 1752538641183
[debug] [2025-07-14T23:19:11.675Z] Checked if tokens are valid: true, expires at: 1752538641183
[debug] [2025-07-14T23:19:11.676Z] >>> [apiv2][query] POST https://cloudresourcemanager.googleapis.com/v1/projects/mortgage-leads-abc41:testIamPermissions [none]
[debug] [2025-07-14T23:19:11.676Z] >>> [apiv2][(partial)header] POST https://cloudresourcemanager.googleapis.com/v1/projects/mortgage-leads-abc41:testIamPermissions x-goog-quota-user=projects/mortgage-leads-abc41
[debug] [2025-07-14T23:19:11.677Z] >>> [apiv2][body] POST https://cloudresourcemanager.googleapis.com/v1/projects/mortgage-leads-abc41:testIamPermissions {"permissions":["cloudfunctions.functions.create","cloudfunctions.functions.delete","cloudfunctions.functions.get","cloudfunctions.functions.list","cloudfunctions.functions.update","cloudfunctions.operations.get","firebase.projects.get"]}
[debug] [2025-07-14T23:19:11.937Z] <<< [apiv2][status] POST https://cloudresourcemanager.googleapis.com/v1/projects/mortgage-leads-abc41:testIamPermissions 200
[debug] [2025-07-14T23:19:11.938Z] <<< [apiv2][body] POST https://cloudresourcemanager.googleapis.com/v1/projects/mortgage-leads-abc41:testIamPermissions {"permissions":["cloudfunctions.functions.create","cloudfunctions.functions.delete","cloudfunctions.functions.get","cloudfunctions.functions.list","cloudfunctions.functions.update","cloudfunctions.operations.get","firebase.projects.get"]}
[debug] [2025-07-14T23:19:11.939Z] Checked if tokens are valid: true, expires at: 1752538641183
[debug] [2025-07-14T23:19:11.939Z] Checked if tokens are valid: true, expires at: 1752538641183
[debug] [2025-07-14T23:19:11.939Z] >>> [apiv2][query] POST https://iam.googleapis.com/v1/projects/mortgage-leads-abc41/serviceAccounts/mortgage-leads-abc41@appspot.gserviceaccount.com:testIamPermissions [none]
[debug] [2025-07-14T23:19:11.939Z] >>> [apiv2][body] POST https://iam.googleapis.com/v1/projects/mortgage-leads-abc41/serviceAccounts/mortgage-leads-abc41@appspot.gserviceaccount.com:testIamPermissions {"permissions":["iam.serviceAccounts.actAs"]}
[debug] [2025-07-14T23:19:12.164Z] <<< [apiv2][status] POST https://iam.googleapis.com/v1/projects/mortgage-leads-abc41/serviceAccounts/mortgage-leads-abc41@appspot.gserviceaccount.com:testIamPermissions 200
[debug] [2025-07-14T23:19:12.164Z] <<< [apiv2][body] POST https://iam.googleapis.com/v1/projects/mortgage-leads-abc41/serviceAccounts/mortgage-leads-abc41@appspot.gserviceaccount.com:testIamPermissions {"permissions":["iam.serviceAccounts.actAs"]}
[info] 
[info] === Deploying to 'mortgage-leads-abc41'...
[info] 
[info] i  deploying functions 
[debug] [2025-07-14T23:19:12.175Z] Checked if tokens are valid: true, expires at: 1752538641183
[debug] [2025-07-14T23:19:12.175Z] Checked if tokens are valid: true, expires at: 1752538641183
[debug] [2025-07-14T23:19:12.175Z] >>> [apiv2][query] GET https://cloudresourcemanager.googleapis.com/v1/projects/mortgage-leads-abc41 [none]
[debug] [2025-07-14T23:19:12.270Z] <<< [apiv2][status] GET https://cloudresourcemanager.googleapis.com/v1/projects/mortgage-leads-abc41 200
[debug] [2025-07-14T23:19:12.270Z] <<< [apiv2][body] GET https://cloudresourcemanager.googleapis.com/v1/projects/mortgage-leads-abc41 {"projectNumber":"661802142371","projectId":"mortgage-leads-abc41","lifecycleState":"ACTIVE","name":"Mortgage Leads","labels":{"firebase":"enabled","firebase-core":"disabled"},"createTime":"2025-05-29T18:56:00.448417Z"}
[info] i  functions: preparing codebase default for deployment 
[info] i  functions: ensuring required API cloudfunctions.googleapis.com is enabled... 
[info] i  functions: ensuring required API cloudbuild.googleapis.com is enabled... 
[info] i  artifactregistry: ensuring required API artifactregistry.googleapis.com is enabled... 
[debug] [2025-07-14T23:19:12.274Z] Checked if tokens are valid: true, expires at: 1752538641183
[debug] [2025-07-14T23:19:12.274Z] Checked if tokens are valid: true, expires at: 1752538641183
[debug] [2025-07-14T23:19:12.274Z] >>> [apiv2][query] GET https://firebase.googleapis.com/v1beta1/projects/mortgage-leads-abc41/adminSdkConfig [none]
[debug] [2025-07-14T23:19:42.538Z] <<< [apiv2][status] GET https://firebase.googleapis.com/v1beta1/projects/mortgage-leads-abc41/adminSdkConfig 503
[debug] [2025-07-14T23:19:42.538Z] <<< [apiv2][body] GET https://firebase.googleapis.com/v1beta1/projects/mortgage-leads-abc41/adminSdkConfig {"error":{"code":503,"message":"The service is currently unavailable.","status":"UNAVAILABLE"}}
[error] 
[error] Error: Request to https://firebase.googleapis.com/v1beta1/projects/mortgage-leads-abc41/adminSdkConfig had HTTP Error: 503, The service is currently unavailable.
[debug] [2025-07-14T23:19:42.714Z] Error Context: {
  "body": {
    "error": {
      "code": 503,
      "message": "The service is currently unavailable.",
      "status": "UNAVAILABLE"
    }
  },
  "response": {
    "statusCode": 503
  }
}
